This file contains any messages produced by compilers while
running configure, to aid debugging if configure makes a mistake.

It was created by configure, which was
generated by GNU Autoconf 2.59.  Invocation command line was

  $ ./configure --prefix=/home/graham/tcptraceroute/tcptraceroute-1.5beta7+debian/debian/tcptraceroute/usr --mandir=/home/graham/tcptraceroute/tcptraceroute-1.5beta7+debian/debian/tcptraceroute/usr/share/man CFLAGS=-g -O2 LDFLAGS=-Wl,-z,defs

## --------- ##
## Platform. ##
## --------- ##

hostname = azureus
uname -m = arm
uname -r = 2.6.38-11-generic
uname -s = Linux
uname -v = #48-Ubuntu SMP Fri Jul 29 19:02:55 UTC 2011

/usr/bin/uname -p = unknown
/bin/uname -X     = unknown

/bin/arch              = arm
/usr/bin/arch -k       = arm
/usr/convex/getsysinfo = unknown
hostinfo               = unknown
/bin/machine           = unknown
/usr/bin/oslevel       = unknown
/bin/universe          = unknown

PATH: /host_usr/bin
PATH: /scratchbox/devkits/debian-squeeze/bin
PATH: /scratchbox/devkits/git/bin
PATH: /scratchbox/devkits/svn/bin
PATH: /scratchbox/devkits/python-legacy/bin
PATH: /scratchbox/devkits/autotools-legacy/bin
PATH: /scratchbox/devkits/doctools/bin
PATH: /scratchbox/devkits/qemu/bin
PATH: /scratchbox/devkits/perl/bin
PATH: /scratchbox/tools/bin
PATH: /targets/links/arch_tools/bin
PATH: /scratchbox/compilers/bin
PATH: /bin
PATH: /usr/bin
PATH: /usr/local/bin
PATH: /usr/X11R6/bin
PATH: /sbin
PATH: /usr/sbin


## ----------- ##
## Core tests. ##
## ----------- ##

configure:1346: checking build system type
configure:1364: result: arm-unknown-linux-gnueabi
configure:1372: checking host system type
configure:1386: result: arm-unknown-linux-gnueabi
configure:1394: checking target system type
configure:1408: result: arm-unknown-linux-gnueabi
configure:1436: checking for a BSD-compatible install
configure:1491: result: /scratchbox/tools/bin/install -c
configure:1502: checking whether build environment is sane
configure:1545: result: yes
configure:1560: checking whether make sets $(MAKE)
configure:1580: result: yes
configure:1612: checking for working aclocal-1.4
configure:1619: result: found
configure:1627: checking for working autoconf
configure:1634: result: found
configure:1642: checking for working automake-1.4
configure:1649: result: found
configure:1657: checking for working autoheader
configure:1664: result: found
configure:1672: checking for working makeinfo
configure:1679: result: found
configure:1742: checking for gcc
configure:1758: found /scratchbox/compilers/bin/gcc
configure:1768: result: gcc
configure:2012: checking for C compiler version
configure:2015: gcc --version </dev/null >&5
sbox-arm-none-linux-gnueabi-gcc (GCC) 4.2.1
Copyright (C) 2007 Free Software Foundation, Inc.
This is free software; see the source for copying conditions.  There is NO
warranty; not even for MERCHANTABILITY or FITNESS FOR A PARTICULAR PURPOSE.

configure:2018: $? = 0
configure:2020: gcc -v </dev/null >&5
Using built-in specs.
Reading specs from /scratchbox/compilers/cs2007q3-glibc2.5-arm7/gcc.specs
rename spec cpp to old_cpp
rename spec cc1 to old_cc1
rename spec link to old_link
rename spec mflib to old_mflib
Target: arm-none-linux-gnueabi
Configured with: /home/jhakala/cs2007q3-sb8/arm/src/gcc-4.2/configure --build=i686-pc-linux-gnu --host=i686-pc-linux-gnu --target=arm-none-linux-gnueabi --enable-threads --disable-libmudflap --disable-libssp --disable-libgomp --disable-libstdcxx-pch --with-gnu-as --with-gnu-ld --enable-languages=c,c++ --enable-shared --enable-symvers=gnu --enable-__cxa_atexit --disable-nls --prefix=/opt/maemo --with-sysroot=/opt/maemo/arm-none-linux-gnueabi/libc --with-build-sysroot=/home/jhakala/cs2007q3-sb8/arm/install/arm-none-linux-gnueabi/libc --with-build-time-tools=/home/jhakala/cs2007q3-sb8/arm/install/arm-none-linux-gnueabi/bin
Thread model: posix
gcc version 4.2.1
configure:2023: $? = 0
configure:2025: gcc -V </dev/null >&5
sbox-arm-none-linux-gnueabi-gcc: '-V' must come at the start of the command line
configure:2028: $? = 1
configure:2051: checking for C compiler default output file name
configure:2054: gcc -g -O2  -Wl,-z,defs conftest.c  >&5
configure:2057: $? = 0
configure:2103: result: a.out
configure:2108: checking whether the C compiler works
configure:2114: ./a.out
configure:2117: $? = 0
configure:2134: result: yes
configure:2141: checking whether we are cross compiling
configure:2143: result: no
configure:2146: checking for suffix of executables
configure:2148: gcc -o conftest -g -O2  -Wl,-z,defs conftest.c  >&5
configure:2151: $? = 0
configure:2176: result: 
configure:2182: checking for suffix of object files
configure:2203: gcc -c -g -O2  conftest.c >&5
configure:2206: $? = 0
configure:2228: result: o
configure:2232: checking whether we are using the GNU C compiler
configure:2256: gcc -c -g -O2  conftest.c >&5
configure:2262: $? = 0
configure:2265: test -z 			 || test ! -s conftest.err
configure:2268: $? = 0
configure:2271: test -s conftest.o
configure:2274: $? = 0
configure:2287: result: yes
configure:2293: checking whether gcc accepts -g
configure:2314: gcc -c -g  conftest.c >&5
configure:2320: $? = 0
configure:2323: test -z 			 || test ! -s conftest.err
configure:2326: $? = 0
configure:2329: test -s conftest.o
configure:2332: $? = 0
configure:2343: result: yes
configure:2360: checking for gcc option to accept ANSI C
configure:2430: gcc  -c -g -O2  conftest.c >&5
In file included from /usr/include/endian.h:61,
                 from /scratchbox/compilers/cs2007q3-glibc2.5-arm7/bin/../arm-none-linux-gnueabi/libc/usr/include/sys/types.h:217,
                 from conftest.c:13:
/scratchbox/compilers/cs2007q3-glibc2.5-arm7/bin/../arm-none-linux-gnueabi/libc/usr/include/bits/byteswap.h:21:3: error: #error "Never use <bits/byteswap.h> directly; include <byteswap.h> instead."
configure:2436: $? = 1
configure: failed program was:
| /* confdefs.h.  */
| 
| #define PACKAGE_NAME ""
| #define PACKAGE_TARNAME ""
| #define PACKAGE_VERSION ""
| #define PACKAGE_STRING ""
| #define PACKAGE_BUGREPORT ""
| #define PACKAGE "tcptraceroute"
| #define VERSION "1.5beta7"
| /* end confdefs.h.  */
| #include <stdarg.h>
| #include <stdio.h>
| #include <sys/types.h>
| #include <sys/stat.h>
| /* Most of the following tests are stolen from RCS 5.7's src/conf.sh.  */
| struct buf { int x; };
| FILE * (*rcsopen) (struct buf *, struct stat *, int);
| static char *e (p, i)
|      char **p;
|      int i;
| {
|   return p[i];
| }
| static char *f (char * (*g) (char **, int), char **p, ...)
| {
|   char *s;
|   va_list v;
|   va_start (v,p);
|   s = g (p, va_arg (v,int));
|   va_end (v);
|   return s;
| }
| 
| /* OSF 4.0 Compaq cc is some sort of almost-ANSI by default.  It has
|    function prototypes and stuff, but not '\xHH' hex character constants.
|    These don't provoke an error unfortunately, instead are silently treated
|    as 'x'.  The following induces an error, until -std1 is added to get
|    proper ANSI mode.  Curiously '\x00'!='x' always comes out true, for an
|    array size at least.  It's necessary to write '\x00'==0 to get something
|    that's true only with -std1.  */
| int osf4_cc_array ['\x00' == 0 ? 1 : -1];
| 
| int test (int i, double x);
| struct s1 {int (*f) (int a);};
| struct s2 {int (*f) (double a);};
| int pairnames (int, char **, FILE *(*)(struct buf *, struct stat *, int), int, int);
| int argc;
| char **argv;
| int
| main ()
| {
| return f (e, argv, 0) != argv[0]  ||  f (e, argv, 1) != argv[1];
|   ;
|   return 0;
| }
configure:2430: gcc -qlanglvl=ansi -c -g -O2  conftest.c >&5
sbox-arm-none-linux-gnueabi-gcc: unrecognized option '-qlanglvl=ansi'
In file included from /usr/include/endian.h:61,
                 from /scratchbox/compilers/cs2007q3-glibc2.5-arm7/bin/../arm-none-linux-gnueabi/libc/usr/include/sys/types.h:217,
                 from conftest.c:13:
/scratchbox/compilers/cs2007q3-glibc2.5-arm7/bin/../arm-none-linux-gnueabi/libc/usr/include/bits/byteswap.h:21:3: error: #error "Never use <bits/byteswap.h> directly; include <byteswap.h> instead."
configure:2436: $? = 1
configure: failed program was:
| /* confdefs.h.  */
| 
| #define PACKAGE_NAME ""
| #define PACKAGE_TARNAME ""
| #define PACKAGE_VERSION ""
| #define PACKAGE_STRING ""
| #define PACKAGE_BUGREPORT ""
| #define PACKAGE "tcptraceroute"
| #define VERSION "1.5beta7"
| /* end confdefs.h.  */
| #include <stdarg.h>
| #include <stdio.h>
| #include <sys/types.h>
| #include <sys/stat.h>
| /* Most of the following tests are stolen from RCS 5.7's src/conf.sh.  */
| struct buf { int x; };
| FILE * (*rcsopen) (struct buf *, struct stat *, int);
| static char *e (p, i)
|      char **p;
|      int i;
| {
|   return p[i];
| }
| static char *f (char * (*g) (char **, int), char **p, ...)
| {
|   char *s;
|   va_list v;
|   va_start (v,p);
|   s = g (p, va_arg (v,int));
|   va_end (v);
|   return s;
| }
| 
| /* OSF 4.0 Compaq cc is some sort of almost-ANSI by default.  It has
|    function prototypes and stuff, but not '\xHH' hex character constants.
|    These don't provoke an error unfortunately, instead are silently treated
|    as 'x'.  The following induces an error, until -std1 is added to get
|    proper ANSI mode.  Curiously '\x00'!='x' always comes out true, for an
|    array size at least.  It's necessary to write '\x00'==0 to get something
|    that's true only with -std1.  */
| int osf4_cc_array ['\x00' == 0 ? 1 : -1];
| 
| int test (int i, double x);
| struct s1 {int (*f) (int a);};
| struct s2 {int (*f) (double a);};
| int pairnames (int, char **, FILE *(*)(struct buf *, struct stat *, int), int, int);
| int argc;
| char **argv;
| int
| main ()
| {
| return f (e, argv, 0) != argv[0]  ||  f (e, argv, 1) != argv[1];
|   ;
|   return 0;
| }
configure:2430: gcc -std1 -c -g -O2  conftest.c >&5
cc1: error: unrecognized command line option "-std1"
configure:2436: $? = 1
configure: failed program was:
| /* confdefs.h.  */
| 
| #define PACKAGE_NAME ""
| #define PACKAGE_TARNAME ""
| #define PACKAGE_VERSION ""
| #define PACKAGE_STRING ""
| #define PACKAGE_BUGREPORT ""
| #define PACKAGE "tcptraceroute"
| #define VERSION "1.5beta7"
| /* end confdefs.h.  */
| #include <stdarg.h>
| #include <stdio.h>
| #include <sys/types.h>
| #include <sys/stat.h>
| /* Most of the following tests are stolen from RCS 5.7's src/conf.sh.  */
| struct buf { int x; };
| FILE * (*rcsopen) (struct buf *, struct stat *, int);
| static char *e (p, i)
|      char **p;
|      int i;
| {
|   return p[i];
| }
| static char *f (char * (*g) (char **, int), char **p, ...)
| {
|   char *s;
|   va_list v;
|   va_start (v,p);
|   s = g (p, va_arg (v,int));
|   va_end (v);
|   return s;
| }
| 
| /* OSF 4.0 Compaq cc is some sort of almost-ANSI by default.  It has
|    function prototypes and stuff, but not '\xHH' hex character constants.
|    These don't provoke an error unfortunately, instead are silently treated
|    as 'x'.  The following induces an error, until -std1 is added to get
|    proper ANSI mode.  Curiously '\x00'!='x' always comes out true, for an
|    array size at least.  It's necessary to write '\x00'==0 to get something
|    that's true only with -std1.  */
| int osf4_cc_array ['\x00' == 0 ? 1 : -1];
| 
| int test (int i, double x);
| struct s1 {int (*f) (int a);};
| struct s2 {int (*f) (double a);};
| int pairnames (int, char **, FILE *(*)(struct buf *, struct stat *, int), int, int);
| int argc;
| char **argv;
| int
| main ()
| {
| return f (e, argv, 0) != argv[0]  ||  f (e, argv, 1) != argv[1];
|   ;
|   return 0;
| }
configure:2430: gcc -Ae -c -g -O2  conftest.c >&5
<command-line>: error: missing '(' after predicate
In file included from /usr/include/endian.h:61,
                 from /scratchbox/compilers/cs2007q3-glibc2.5-arm7/bin/../arm-none-linux-gnueabi/libc/usr/include/sys/types.h:217,
                 from conftest.c:13:
/scratchbox/compilers/cs2007q3-glibc2.5-arm7/bin/../arm-none-linux-gnueabi/libc/usr/include/bits/byteswap.h:21:3: error: #error "Never use <bits/byteswap.h> directly; include <byteswap.h> instead."
configure:2436: $? = 1
configure: failed program was:
| /* confdefs.h.  */
| 
| #define PACKAGE_NAME ""
| #define PACKAGE_TARNAME ""
| #define PACKAGE_VERSION ""
| #define PACKAGE_STRING ""
| #define PACKAGE_BUGREPORT ""
| #define PACKAGE "tcptraceroute"
| #define VERSION "1.5beta7"
| /* end confdefs.h.  */
| #include <stdarg.h>
| #include <stdio.h>
| #include <sys/types.h>
| #include <sys/stat.h>
| /* Most of the following tests are stolen from RCS 5.7's src/conf.sh.  */
| struct buf { int x; };
| FILE * (*rcsopen) (struct buf *, struct stat *, int);
| static char *e (p, i)
|      char **p;
|      int i;
| {
|   return p[i];
| }
| static char *f (char * (*g) (char **, int), char **p, ...)
| {
|   char *s;
|   va_list v;
|   va_start (v,p);
|   s = g (p, va_arg (v,int));
|   va_end (v);
|   return s;
| }
| 
| /* OSF 4.0 Compaq cc is some sort of almost-ANSI by default.  It has
|    function prototypes and stuff, but not '\xHH' hex character constants.
|    These don't provoke an error unfortunately, instead are silently treated
|    as 'x'.  The following induces an error, until -std1 is added to get
|    proper ANSI mode.  Curiously '\x00'!='x' always comes out true, for an
|    array size at least.  It's necessary to write '\x00'==0 to get something
|    that's true only with -std1.  */
| int osf4_cc_array ['\x00' == 0 ? 1 : -1];
| 
| int test (int i, double x);
| struct s1 {int (*f) (int a);};
| struct s2 {int (*f) (double a);};
| int pairnames (int, char **, FILE *(*)(struct buf *, struct stat *, int), int, int);
| int argc;
| char **argv;
| int
| main ()
| {
| return f (e, argv, 0) != argv[0]  ||  f (e, argv, 1) != argv[1];
|   ;
|   return 0;
| }
configure:2430: gcc -Aa -D_HPUX_SOURCE -c -g -O2  conftest.c >&5
<command-line>: error: missing '(' after predicate
In file included from /usr/include/endian.h:61,
                 from /scratchbox/compilers/cs2007q3-glibc2.5-arm7/bin/../arm-none-linux-gnueabi/libc/usr/include/sys/types.h:217,
                 from conftest.c:13:
/scratchbox/compilers/cs2007q3-glibc2.5-arm7/bin/../arm-none-linux-gnueabi/libc/usr/include/bits/byteswap.h:21:3: error: #error "Never use <bits/byteswap.h> directly; include <byteswap.h> instead."
configure:2436: $? = 1
configure: failed program was:
| /* confdefs.h.  */
| 
| #define PACKAGE_NAME ""
| #define PACKAGE_TARNAME ""
| #define PACKAGE_VERSION ""
| #define PACKAGE_STRING ""
| #define PACKAGE_BUGREPORT ""
| #define PACKAGE "tcptraceroute"
| #define VERSION "1.5beta7"
| /* end confdefs.h.  */
| #include <stdarg.h>
| #include <stdio.h>
| #include <sys/types.h>
| #include <sys/stat.h>
| /* Most of the following tests are stolen from RCS 5.7's src/conf.sh.  */
| struct buf { int x; };
| FILE * (*rcsopen) (struct buf *, struct stat *, int);
| static char *e (p, i)
|      char **p;
|      int i;
| {
|   return p[i];
| }
| static char *f (char * (*g) (char **, int), char **p, ...)
| {
|   char *s;
|   va_list v;
|   va_start (v,p);
|   s = g (p, va_arg (v,int));
|   va_end (v);
|   return s;
| }
| 
| /* OSF 4.0 Compaq cc is some sort of almost-ANSI by default.  It has
|    function prototypes and stuff, but not '\xHH' hex character constants.
|    These don't provoke an error unfortunately, instead are silently treated
|    as 'x'.  The following induces an error, until -std1 is added to get
|    proper ANSI mode.  Curiously '\x00'!='x' always comes out true, for an
|    array size at least.  It's necessary to write '\x00'==0 to get something
|    that's true only with -std1.  */
| int osf4_cc_array ['\x00' == 0 ? 1 : -1];
| 
| int test (int i, double x);
| struct s1 {int (*f) (int a);};
| struct s2 {int (*f) (double a);};
| int pairnames (int, char **, FILE *(*)(struct buf *, struct stat *, int), int, int);
| int argc;
| char **argv;
| int
| main ()
| {
| return f (e, argv, 0) != argv[0]  ||  f (e, argv, 1) != argv[1];
|   ;
|   return 0;
| }
configure:2430: gcc -Xc -D__EXTENSIONS__ -c -g -O2  conftest.c >&5
sbox-arm-none-linux-gnueabi-gcc: unrecognized option '-Xc'
In file included from /usr/include/endian.h:61,
                 from /scratchbox/compilers/cs2007q3-glibc2.5-arm7/bin/../arm-none-linux-gnueabi/libc/usr/include/sys/types.h:217,
                 from conftest.c:13:
/scratchbox/compilers/cs2007q3-glibc2.5-arm7/bin/../arm-none-linux-gnueabi/libc/usr/include/bits/byteswap.h:21:3: error: #error "Never use <bits/byteswap.h> directly; include <byteswap.h> instead."
configure:2436: $? = 1
configure: failed program was:
| /* confdefs.h.  */
| 
| #define PACKAGE_NAME ""
| #define PACKAGE_TARNAME ""
| #define PACKAGE_VERSION ""
| #define PACKAGE_STRING ""
| #define PACKAGE_BUGREPORT ""
| #define PACKAGE "tcptraceroute"
| #define VERSION "1.5beta7"
| /* end confdefs.h.  */
| #include <stdarg.h>
| #include <stdio.h>
| #include <sys/types.h>
| #include <sys/stat.h>
| /* Most of the following tests are stolen from RCS 5.7's src/conf.sh.  */
| struct buf { int x; };
| FILE * (*rcsopen) (struct buf *, struct stat *, int);
| static char *e (p, i)
|      char **p;
|      int i;
| {
|   return p[i];
| }
| static char *f (char * (*g) (char **, int), char **p, ...)
| {
|   char *s;
|   va_list v;
|   va_start (v,p);
|   s = g (p, va_arg (v,int));
|   va_end (v);
|   return s;
| }
| 
| /* OSF 4.0 Compaq cc is some sort of almost-ANSI by default.  It has
|    function prototypes and stuff, but not '\xHH' hex character constants.
|    These don't provoke an error unfortunately, instead are silently treated
|    as 'x'.  The following induces an error, until -std1 is added to get
|    proper ANSI mode.  Curiously '\x00'!='x' always comes out true, for an
|    array size at least.  It's necessary to write '\x00'==0 to get something
|    that's true only with -std1.  */
| int osf4_cc_array ['\x00' == 0 ? 1 : -1];
| 
| int test (int i, double x);
| struct s1 {int (*f) (int a);};
| struct s2 {int (*f) (double a);};
| int pairnames (int, char **, FILE *(*)(struct buf *, struct stat *, int), int, int);
| int argc;
| char **argv;
| int
| main ()
| {
| return f (e, argv, 0) != argv[0]  ||  f (e, argv, 1) != argv[1];
|   ;
|   return 0;
| }
configure:2466: result: none needed
configure:2484: gcc -c -g -O2  conftest.c >&5
conftest.c:2: error: expected '=', ',', ';', 'asm' or '__attribute__' before 'me'
configure:2490: $? = 1
configure: failed program was:
| #ifndef __cplusplus
|   choke me
| #endif
configure:2626: checking how to run the C preprocessor
configure:2661: gcc -E  conftest.c
configure:2667: $? = 0
configure:2699: gcc -E  conftest.c
conftest.c:11:28: error: ac_nonexistent.h: No such file or directory
configure:2705: $? = 1
configure: failed program was:
| /* confdefs.h.  */
| 
| #define PACKAGE_NAME ""
| #define PACKAGE_TARNAME ""
| #define PACKAGE_VERSION ""
| #define PACKAGE_STRING ""
| #define PACKAGE_BUGREPORT ""
| #define PACKAGE "tcptraceroute"
| #define VERSION "1.5beta7"
| /* end confdefs.h.  */
| #include <ac_nonexistent.h>
configure:2744: result: gcc -E
configure:2768: gcc -E  conftest.c
configure:2774: $? = 0
configure:2806: gcc -E  conftest.c
conftest.c:11:28: error: ac_nonexistent.h: No such file or directory
configure:2812: $? = 1
configure: failed program was:
| /* confdefs.h.  */
| 
| #define PACKAGE_NAME ""
| #define PACKAGE_TARNAME ""
| #define PACKAGE_VERSION ""
| #define PACKAGE_STRING ""
| #define PACKAGE_BUGREPORT ""
| #define PACKAGE "tcptraceroute"
| #define VERSION "1.5beta7"
| /* end confdefs.h.  */
| #include <ac_nonexistent.h>
configure:2856: checking for egrep
configure:2866: result: grep -E
configure:2872: checking whether gcc needs -traditional
configure:2914: result: no
configure:2937: checking for a BSD-compatible install
configure:2992: result: /scratchbox/tools/bin/install -c
configure:3005: checking for gethostbyname
configure:3062: gcc -o conftest -g -O2 -Wall  -Wl,-z,defs conftest.c  >&5
configure:3068: $? = 0
configure:3071: test -z 			 || test ! -s conftest.err
configure:3074: $? = 0
configure:3077: test -s conftest
configure:3080: $? = 0
configure:3092: result: yes
configure:3172: checking for socket
configure:3229: gcc -o conftest -g -O2 -Wall  -Wl,-z,defs conftest.c  >&5
configure:3235: $? = 0
configure:3238: test -z 			 || test ! -s conftest.err
configure:3241: $? = 0
configure:3244: test -s conftest
configure:3247: $? = 0
configure:3259: result: yes
configure:3339: checking for connect
configure:3396: gcc -o conftest -g -O2 -Wall  -Wl,-z,defs conftest.c  >&5
configure:3402: $? = 0
configure:3405: test -z 			 || test ! -s conftest.err
configure:3408: $? = 0
configure:3411: test -s conftest
configure:3414: $? = 0
configure:3426: result: yes
configure:3506: checking for inet_aton
configure:3563: gcc -o conftest -g -O2 -Wall  -Wl,-z,defs conftest.c  >&5
configure:3569: $? = 0
configure:3572: test -z 			 || test ! -s conftest.err
configure:3575: $? = 0
configure:3578: test -s conftest
configure:3581: $? = 0
configure:3593: result: yes
configure:3749: checking for pcap_open_live in -lpcap
configure:3779: gcc -o conftest -g -O2 -Wall  -Wl,-z,defs conftest.c -lpcap   >&5
/scratchbox/compilers/cs2007q3-glibc2.5-arm7/bin/../lib/gcc/arm-none-linux-gnueabi/4.2.1/../../../../arm-none-linux-gnueabi/bin/ld: cannot find -lpcap
collect2: ld returned 1 exit status
configure:3785: $? = 1
configure: failed program was:
| /* confdefs.h.  */
| 
| #define PACKAGE_NAME ""
| #define PACKAGE_TARNAME ""
| #define PACKAGE_VERSION ""
| #define PACKAGE_STRING ""
| #define PACKAGE_BUGREPORT ""
| #define PACKAGE "tcptraceroute"
| #define VERSION "1.5beta7"
| /* end confdefs.h.  */
| 
| /* Override any gcc2 internal prototype to avoid an error.  */
| #ifdef __cplusplus
| extern "C"
| #endif
| /* We use char because int might match the return type of a gcc2
|    builtin and then its argument prototype would still apply.  */
| char pcap_open_live ();
| int
| main ()
| {
| pcap_open_live ();
|   ;
|   return 0;
| }
configure:3810: result: no
configure:3820: error: cannot find libpcap

## ---------------- ##
## Cache variables. ##
## ---------------- ##

ac_cv_build=arm-unknown-linux-gnueabi
ac_cv_build_alias=arm-unknown-linux-gnueabi
ac_cv_c_compiler_gnu=yes
ac_cv_env_CC_set=
ac_cv_env_CC_value=
ac_cv_env_CFLAGS_set=set
ac_cv_env_CFLAGS_value='-g -O2'
ac_cv_env_CPPFLAGS_set=set
ac_cv_env_CPPFLAGS_value=
ac_cv_env_CPP_set=
ac_cv_env_CPP_value=
ac_cv_env_LDFLAGS_set=set
ac_cv_env_LDFLAGS_value=-Wl,-z,defs
ac_cv_env_build_alias_set=
ac_cv_env_build_alias_value=
ac_cv_env_host_alias_set=
ac_cv_env_host_alias_value=
ac_cv_env_target_alias_set=
ac_cv_env_target_alias_value=
ac_cv_exeext=
ac_cv_func_connect=yes
ac_cv_func_gethostbyname=yes
ac_cv_func_inet_aton=yes
ac_cv_func_socket=yes
ac_cv_host=arm-unknown-linux-gnueabi
ac_cv_host_alias=arm-unknown-linux-gnueabi
ac_cv_lib_pcap_pcap_open_live=no
ac_cv_objext=o
ac_cv_path_install='/scratchbox/tools/bin/install -c'
ac_cv_prog_CPP='gcc -E'
ac_cv_prog_ac_ct_CC=gcc
ac_cv_prog_cc_g=yes
ac_cv_prog_cc_stdc=no
ac_cv_prog_egrep='grep -E'
ac_cv_prog_gcc_traditional=no
ac_cv_prog_make_make_set=yes
ac_cv_target=arm-unknown-linux-gnueabi
ac_cv_target_alias=arm-unknown-linux-gnueabi

## ----------------- ##
## Output variables. ##
## ----------------- ##

ACLOCAL='aclocal-1.4'
AUTOCONF='autoconf'
AUTOHEADER='autoheader'
AUTOMAKE='automake-1.4'
CC='gcc'
CFLAGS='-g -O2 -Wall'
CPP='gcc -E'
CPPFLAGS=''
DEFS=''
ECHO_C=''
ECHO_N='-n'
ECHO_T=''
EGREP='grep -E'
EXEEXT=''
INSTALL_DATA='${INSTALL} -m 644'
INSTALL_PROGRAM='${INSTALL}'
INSTALL_SCRIPT='${INSTALL}'
LDFLAGS='-Wl,-z,defs'
LIBOBJS=''
LIBS=''
LTLIBOBJS=''
MAKEINFO='makeinfo'
OBJEXT='o'
PACKAGE='tcptraceroute'
PACKAGE_BUGREPORT=''
PACKAGE_NAME=''
PACKAGE_STRING=''
PACKAGE_TARNAME=''
PACKAGE_VERSION=''
PATH_SEPARATOR=':'
SET_MAKE=''
SHELL='/bin/sh'
VERSION='1.5beta7'
ac_ct_CC='gcc'
bindir='${exec_prefix}/bin'
build='arm-unknown-linux-gnueabi'
build_alias=''
build_cpu='arm'
build_os='linux-gnueabi'
build_vendor='unknown'
datadir='${prefix}/share'
exec_prefix='NONE'
host='arm-unknown-linux-gnueabi'
host_alias=''
host_cpu='arm'
host_os='linux-gnueabi'
host_vendor='unknown'
includedir='${prefix}/include'
infodir='${prefix}/info'
libdir='${exec_prefix}/lib'
libexecdir='${exec_prefix}/libexec'
localstatedir='${prefix}/var'
mandir='/home/graham/tcptraceroute/tcptraceroute-1.5beta7+debian/debian/tcptraceroute/usr/share/man'
oldincludedir='/usr/include'
prefix='/home/graham/tcptraceroute/tcptraceroute-1.5beta7+debian/debian/tcptraceroute/usr'
program_transform_name='s,x,x,'
sbindir='${exec_prefix}/sbin'
sharedstatedir='${prefix}/com'
sysconfdir='${prefix}/etc'
target='arm-unknown-linux-gnueabi'
target_alias=''
target_cpu='arm'
target_os='linux-gnueabi'
target_vendor='unknown'

## ----------- ##
## confdefs.h. ##
## ----------- ##

#define PACKAGE "tcptraceroute"
#define PACKAGE_BUGREPORT ""
#define PACKAGE_NAME ""
#define PACKAGE_STRING ""
#define PACKAGE_TARNAME ""
#define PACKAGE_VERSION ""
#define VERSION "1.5beta7"

configure: exit 1
